<?xml version="1.0" encoding="UTF-8"?>
<!-- Generated by org.testng.reporters.JUnitReportReporter -->
<testsuite hostname="Kamaljit-Kaur" failures="0" tests="9" name="com.example.api.ApiTest" time="2.977" errors="0" timestamp="2024-12-02T18:44:56 EST" skipped="0">
  <testcase classname="com.example.api.ApiTest" name="testPutRequest" time="0.185"/>
  <system-out/>
  <testcase classname="com.example.api.ApiTest" name="testAllPostsEndpoint" time="1.804"/>
  <system-out/>
  <testcase classname="com.example.api.ApiTest" name="testDeleteRequest" time="0.150"/>
  <system-out/>
  <testcase classname="com.example.api.ApiTest" name="testPostNewData" time="0.208"/>
  <system-out/>
  <testcase classname="com.example.api.ApiTest" name="testResponseTime" time="0.117"/>
  <system-out/>
  <testcase classname="com.example.api.ApiTest" name="testResponseBodyContainsKey" time="0.166"/>
  <system-out/>
  <testcase classname="com.example.api.ApiTest" name="testInvalidEndpoint" time="0.137"/>
  <system-out/>
  <testcase classname="com.example.api.ApiTest" name="testStatusCode" time="0.100"/>
  <system-out/>
  <testcase classname="com.example.api.ApiTest" name="testContentType" time="0.110"/>
  <system-out/>
</testsuite> <!-- com.example.api.ApiTest -->
