<?xml version="1.0" encoding="UTF-8"?>
<!-- Generated by org.testng.reporters.JUnitReportReporter -->
<testsuite hostname="Kamaljit-Kaur" failures="0" tests="9" name="com.example.api.ApiTest" time="2.866" errors="0" timestamp="2024-12-02T20:10:18 EST" skipped="0">
  <testcase classname="com.example.api.ApiTest" name="testInvalidEndpoint" time="0.120"/>
  <system-out/>
  <testcase classname="com.example.api.ApiTest" name="testResponseTime" time="0.098"/>
  <system-out/>
  <testcase classname="com.example.api.ApiTest" name="testAllPostsEndpoint" time="1.879"/>
  <system-out/>
  <testcase classname="com.example.api.ApiTest" name="testContentType" time="0.114"/>
  <system-out/>
  <testcase classname="com.example.api.ApiTest" name="testPutRequest" time="0.157"/>
  <system-out/>
  <testcase classname="com.example.api.ApiTest" name="testDeleteRequest" time="0.153"/>
  <system-out/>
  <testcase classname="com.example.api.ApiTest" name="testPostNewData" time="0.178"/>
  <system-out/>
  <testcase classname="com.example.api.ApiTest" name="testResponseBodyContainsKey" time="0.084"/>
  <system-out/>
  <testcase classname="com.example.api.ApiTest" name="testStatusCode" time="0.083"/>
  <system-out/>
</testsuite> <!-- com.example.api.ApiTest -->
